<?xml version="1.0" encoding="utf-8"?><testsuites name="pytest tests"><testsuite name="pytest" errors="0" failures="0" skipped="0" tests="13" time="2.779" timestamp="2026-02-12T22:59:37.952625+00:00" hostname="agent-env-9d892278-23b5-4445-9cf9-3b4ca024650a"><testcase classname="backend.tests.test_three_fixes.TestVendorSuggestionFlow" name="test_set_details_location_only" time="0.108" /><testcase classname="backend.tests.test_three_fixes.TestVendorSuggestionFlow" name="test_set_details_with_all_fields" time="0.044" /><testcase classname="backend.tests.test_three_fixes.TestVendorSuggestionFlow" name="test_search_vendor_returns_location_relevant_results" time="0.530" /><testcase classname="backend.tests.test_three_fixes.TestVendorSuggestionFlow" name="test_search_vendor_different_types" time="1.199" /><testcase classname="backend.tests.test_three_fixes.TestEmailInviteFlow" name="test_send_invites_endpoint_exists" time="0.041" /><testcase classname="backend.tests.test_three_fixes.TestEmailInviteFlow" name="test_send_invites_with_valid_wedding" time="0.298" /><testcase classname="backend.tests.test_three_fixes.TestEmailInviteFlow" name="test_send_invites_response_structure" time="0.040" /><testcase classname="backend.tests.test_three_fixes.TestWeddingDataForCountdown" name="test_get_wedding_returns_date_fields" time="0.044" /><testcase classname="backend.tests.test_three_fixes.TestWeddingDataForCountdown" name="test_wedding_days_have_date_and_events" time="0.078" /><testcase classname="backend.tests.test_three_fixes.TestWeddingDataForCountdown" name="test_create_wedding_for_countdown_testing" time="0.040" /><testcase classname="backend.tests.test_three_fixes.TestWeddingDataForCountdown" name="test_list_weddings_for_selector" time="0.042" /><testcase classname="backend.tests.test_three_fixes.TestAPIHealth" name="test_backend_health" time="0.077" /><testcase classname="backend.tests.test_three_fixes.TestAPIHealth" name="test_ai_health" time="0.163" /></testsuite></testsuites>