<?xml version="1.0" encoding="utf-8"?><testsuites name="pytest tests"><testsuite name="pytest" errors="0" failures="1" skipped="1" tests="19" time="1.945" timestamp="2026-02-13T00:00:08.107393+00:00" hostname="agent-env-9d892278-23b5-4445-9cf9-3b4ca024650a"><testcase classname="tests.test_photo_gallery.TestPhotoGalleryHealth" name="test_health_endpoint" time="0.127" /><testcase classname="tests.test_photo_gallery.TestPhotoGalleryHealth" name="test_weddings_endpoint" time="0.040" /><testcase classname="tests.test_photo_gallery.TestPhotoUpload" name="test_upload_single_photo" time="0.112" /><testcase classname="tests.test_photo_gallery.TestPhotoUpload" name="test_upload_invalid_wedding_id" time="0.087" /><testcase classname="tests.test_photo_gallery.TestPhotoUpload" name="test_upload_no_files" time="0.047" /><testcase classname="tests.test_photo_gallery.TestPhotoTagging" name="test_add_tags_to_photo" time="0.122" /><testcase classname="tests.test_photo_gallery.TestPhotoTagging" name="test_tag_nonexistent_photo" time="0.049" /><testcase classname="tests.test_photo_gallery.TestPhotoTagging" name="test_tag_normalization" time="0.118" /><testcase classname="tests.test_photo_gallery.TestPhotoListing" name="test_get_wedding_photos" time="0.040" /><testcase classname="tests.test_photo_gallery.TestPhotoListing" name="test_get_photos_nonexistent_wedding" time="0.080" /><testcase classname="tests.test_photo_gallery.TestAIPhotoSearch" name="test_ai_search_basic" time="0.161" /><testcase classname="tests.test_photo_gallery.TestAIPhotoSearch" name="test_ai_search_mehendi_bride" time="0.126" /><testcase classname="tests.test_photo_gallery.TestAIPhotoSearch" name="test_ai_search_empty_query" time="0.036" /><testcase classname="tests.test_photo_gallery.TestAIPhotoSearch" name="test_ai_search_various_queries" time="0.375" /><testcase classname="tests.test_photo_gallery.TestPhotoTags" name="test_get_available_tags" time="0.034"><skipped type="pytest.skip" message="Route conflict - endpoint not accessible">/app/backend/tests/test_photo_gallery.py:305: Route conflict - endpoint not accessible</skipped></testcase><testcase classname="tests.test_photo_gallery.TestPhotoDelete" name="test_delete_photo" time="0.076"><failure message="KeyError: 'status'">tests/test_photo_gallery.py:343: in test_delete_photo
    assert data["status"] == "success"
           ^^^^^^^^^^^^^^
E   KeyError: 'status'</failure></testcase><testcase classname="tests.test_photo_gallery.TestPhotoDelete" name="test_delete_nonexistent_photo" time="0.035" /><testcase classname="tests.test_photo_gallery.TestPhotoFileServing" name="test_serve_existing_photo" time="0.119" /><testcase classname="tests.test_photo_gallery.TestPhotoFileServing" name="test_serve_nonexistent_photo" time="0.037" /></testsuite></testsuites>